<?xml version="1.0" encoding="UTF-8"?>
<testng-results skipped="0" failed="0" total="1" passed="1">
  <reporter-output>
  </reporter-output>
  <suite name="Default suite" duration-ms="32310" started-at="2018-03-08T05:02:28Z" finished-at="2018-03-08T05:03:01Z">
    <groups>
    </groups>
    <test name="Default test" duration-ms="32310" started-at="2018-03-08T05:02:28Z" finished-at="2018-03-08T05:03:01Z">
      <class name="Basic">
        <test-method status="PASS" signature="testunits()[pri:0, instance:Basic@387c703b]" name="testunits" duration-ms="32295" started-at="2018-03-08T10:32:28Z" finished-at="2018-03-08T10:33:01Z">
          <reporter-output>
          </reporter-output>
        </test-method> <!-- testunits -->
      </class> <!-- Basic -->
    </test> <!-- Default test -->
  </suite> <!-- Default suite -->
</testng-results>
